<?xml version="1.0" encoding="UTF-8"?>
<testsuites>
  <testsuite name="Delete" file="/var/www/html/codeigniter/application/tests/controllers/Delete.php" tests="1" assertions="1" errors="0" failures="1" skipped="0" time="0.051066">
    <testcase name="testdelete" class="Delete" classname="Delete" file="/var/www/html/codeigniter/application/tests/controllers/Delete.php" line="13" assertions="1" time="0.051066">
      <failure type="PHPUnit\Framework\ExpectationFailedException">Delete::testdelete
success
Failed asserting that two strings are equal.
--- Expected
+++ Actual
@@ @@
-'200'
+'204'

/var/www/html/codeigniter/application/tests/controllers/Delete.php:23
</failure>
    </testcase>
  </testsuite>
</testsuites>
