<?xml version="1.0" encoding="UTF-8"?>
<testsuites>
  <testsuite name="Welcome_test" file="/var/www/html/codeigniter/application/tests/controllers/Welcome_test.php" tests="3" assertions="3" errors="0" failures="1" skipped="0" time="0.034713">
    <testcase name="test_index" class="Welcome_test" classname="Welcome_test" file="/var/www/html/codeigniter/application/tests/controllers/Welcome_test.php" line="13" assertions="1" time="0.018115">
      <failure type="PHPUnit\Framework\ExpectationFailedException">Welcome_test::test_index
Failed asserting that '&lt;!DOCTYPE html&gt;\n
&lt;html lang="en"&gt;\n
&lt;head&gt;\n
	&lt;meta charset="utf-8"&gt;\n
	&lt;title&gt;Welcome to CodeIgniter&lt;/title&gt;\n
\n
	&lt;style type="text/css"&gt;\n
\n
	::selection { background-color: #E13300; color: white; }\n
	::-moz-selection { background-color: #E13300; color: white; }\n
\n
	body {\n
		background-color: #fff;\n
		margin: 40px;\n
		font: 13px/20px normal Helvetica, Arial, sans-serif;\n
		color: #4F5155;\n
	}\n
\n
	a {\n
		color: #003399;\n
		background-color: transparent;\n
		font-weight: normal;\n
	}\n
\n
	h1 {\n
		color: #444;\n
		background-color: transparent;\n
		border-bottom: 1px solid #D0D0D0;\n
		font-size: 19px;\n
		font-weight: normal;\n
		margin: 0 0 14px 0;\n
		padding: 14px 15px 10px 15px;\n
	}\n
\n
	code {\n
		font-family: Consolas, Monaco, Courier New, Courier, monospace;\n
		font-size: 12px;\n
		background-color: #f9f9f9;\n
		border: 1px solid #D0D0D0;\n
		color: #002166;\n
		display: block;\n
		margin: 14px 0 14px 0;\n
		padding: 12px 10px 12px 10px;\n
	}\n
\n
	#body {\n
		margin: 0 15px 0 15px;\n
	}\n
\n
	p.footer {\n
		text-align: right;\n
		font-size: 11px;\n
		border-top: 1px solid #D0D0D0;\n
		line-height: 32px;\n
		padding: 0 10px 0 10px;\n
		margin: 20px 0 0 0;\n
	}\n
\n
	#container {\n
		margin: 10px;\n
		border: 1px solid #D0D0D0;\n
		box-shadow: 0 0 8px #D0D0D0;\n
	}\n
	&lt;/style&gt;\n
&lt;/head&gt;\n
&lt;body&gt;\n
	\n
&lt;div id="container"&gt;\n
    &lt;h1&gt;Welcome to CodeIgniter!&lt;/h1&gt;\n
\n
    &lt;div id="body"&gt;\n
        &lt;p&gt;The page you are looking at is being generated dynamically by CodeIgniter.&lt;/p&gt;\n
\n
        &lt;p&gt;If you would like to edit this page you'll find it located at:&lt;/p&gt;\n
        &lt;code&gt;application/views/welcome_message.php&lt;/code&gt;\n
\n
        &lt;p&gt;The corresponding controller for this page is found at:&lt;/p&gt;\n
        &lt;code&gt;application/controllers/Welcome.php&lt;/code&gt;\n
\n
        &lt;p&gt;If you are exploring CodeIgniter for the very first time, you should start by reading the &lt;a href="user_guide/"&gt;User Guide&lt;/a&gt;.&lt;/p&gt;\n
    &lt;/div&gt;\n
\n
    &lt;p class="footer"&gt;Page rendered in &lt;strong&gt;{elapsed_time}&lt;/strong&gt; seconds. &lt;/p&gt;\n
&lt;/div&gt;\n
\n
&lt;/body&gt;\n
&lt;/html&gt;' contains "&lt;title&gt;elcome to CodeIgniter&lt;/title&gt;".

/var/www/html/codeigniter/application/tests/controllers/Welcome_test.php:16
</failure>
    </testcase>
    <testcase name="test_method_404" class="Welcome_test" classname="Welcome_test" file="/var/www/html/codeigniter/application/tests/controllers/Welcome_test.php" line="19" assertions="1" time="0.010860"/>
    <testcase name="test_APPPATH" class="Welcome_test" classname="Welcome_test" file="/var/www/html/codeigniter/application/tests/controllers/Welcome_test.php" line="25" assertions="1" time="0.005738"/>
  </testsuite>
</testsuites>
